<?xml version="1.0" encoding="UTF-8"?>
<!-- Generated by org.testng.reporters.JUnitReportReporter -->
<testsuite skipped="0" hostname="vivek" name="com.hybridFramework.registration.Registration" tests="1" failures="0" timestamp="28 Mar 2018 11:32:44 GMT" time="23.774" errors="0">
  <testcase name="testLoginToApplication" time="23.774" classname="com.hybridFramework.registration.Registration"/>
</testsuite> <!-- com.hybridFramework.registration.Registration -->
